2011-10-04 06:46:14,135 INFO MainThread starting server
2011-10-04 06:46:14,136 INFO MainThread Attempting to open socket
2011-10-04 06:46:14,136 INFO MainThread Socket open
2011-10-04 06:46:14,136 INFO MainThread Running
2011-10-04 06:47:37,549 INFO MainThread New connection incoming
2011-10-04 06:47:40,189 INFO Thread-1 Client requested name test
2011-10-04 06:47:40,189 INFO Thread-1 Sending message test has connected to all
2011-10-04 06:47:40,189 INFO Thread-1 Client username test accepted
2011-10-04 06:47:40,290 INFO Thread-1 Sending pickle
2011-10-04 06:47:40,290 INFO Thread-1 Sending message (lp0
S'test'
p1
a. to all
2011-10-04 06:47:44,944 INFO Thread-1 Parsed message: all kuj;
2011-10-04 06:47:44,944 INFO Thread-1 Sending message kuj; to all
2011-10-04 06:47:45,616 INFO Thread-1 Parsed message: all kl;j
2011-10-04 06:47:45,616 INFO Thread-1 Sending message kl;j to all
2011-10-04 06:47:46,561 INFO Thread-1 Parsed message: all jhlkjh
2011-10-04 06:47:46,561 INFO Thread-1 Sending message jhlkjh to all
2011-10-04 06:47:47,601 INFO Thread-1 Parsed message: all hljh
2011-10-04 06:47:47,602 INFO Thread-1 Sending message hljh to all
